<component name="libraryTable">
  <library name="JUnit-4.12">
    <CLASSES>
      <root url="jar://$PROJECT_DIR$/JUnit/hamcrest-core-1.3.jar!/" />
      <root url="jar://$PROJECT_DIR$/JUnit/junit-4.12.jar!/" />
    </CLASSES>
    <JAVADOC />
    <SOURCES>
      <root url="jar://$PROJECT_DIR$/JUnit/hamcrest-core-1.3-sources.jar!/" />
      <root url="jar://$PROJECT_DIR$/JUnit/junit-4.12-sources.jar!/" />
    </SOURCES>
  </library>
</component>